#
# There is insufficient memory for the Java Runtime Environment to continue.
# Native memory allocation (malloc) failed to allocate 1082096 bytes for Chunk::new
# Possible reasons:
#   The system is out of physical RAM or swap space
#   The process is running with CompressedOops enabled, and the Java Heap may be blocking the growth of the native heap
# Possible solutions:
#   Reduce memory load on the system
#   Increase physical memory or swap space
#   Check if swap backing store is full
#   Decrease Java heap size (-Xmx/-Xms)
#   Decrease number of Java threads
#   Decrease Java thread stack sizes (-Xss)
#   Set larger code cache with -XX:ReservedCodeCacheSize=
#   JVM is running with Unscaled Compressed Oops mode in which the Java heap is
#     placed in the first 4GB address space. The Java Heap base address is the
#     maximum limit for the native heap growth. Please use -XX:HeapBaseMinAddress
#     to set the Java Heap base and to place the Java Heap above 4GB virtual address.
# This output file may be truncated or incomplete.
#
#  Out of Memory Error (arena.cpp:189), pid=28172, tid=12944
#
# JRE version: OpenJDK Runtime Environment Temurin-17.0.4.1+1 (17.0.4.1+1) (build 17.0.4.1+1)
# Java VM: OpenJDK 64-Bit Server VM Temurin-17.0.4.1+1 (17.0.4.1+1, mixed mode, tiered, compressed oops, compressed class ptrs, parallel gc, windows-amd64)
# No core dump will be written. Minidumps are not enabled by default on client versions of Windows
#

---------------  S U M M A R Y ------------

Command Line: --add-modules=ALL-SYSTEM --add-opens=java.base/java.util=ALL-UNNAMED --add-opens=java.base/java.lang=ALL-UNNAMED --add-opens=java.base/sun.nio.fs=ALL-UNNAMED -Declipse.application=org.eclipse.jdt.ls.core.id1 -Dosgi.bundles.defaultStartLevel=4 -Declipse.product=org.eclipse.jdt.ls.core.product -Djava.import.generatesMetadataFilesAtProjectRoot=false -Dfile.encoding=utf8 -XX:+UseParallelGC -XX:GCTimeRatio=4 -XX:AdaptiveSizePolicyWeight=90 -Dsun.zip.disableMemoryMapping=true -Xmx1G -Xms100m -Xlog:disable -javaagent:c:\Users\jwshi\.antigravity\extensions\redhat.java-1.12.0-win32-x64\lombok\lombok-1.18.24.jar -XX:+HeapDumpOnOutOfMemoryError -XX:HeapDumpPath=c:\Users\jwshi\AppData\Roaming\Antigravity\User\workspaceStorage\4d28dcab0e4714d6e45df13c978648f2\redhat.java c:\Users\jwshi\.antigravity\extensions\redhat.java-1.12.0-win32-x64\server\plugins\org.eclipse.equinox.launcher_1.6.400.v20210924-0641.jar -configuration c:\Users\jwshi\AppData\Roaming\Antigravity\User\globalStorage\redhat.java\1.12.0\config_win -data c:\Users\jwshi\AppData\Roaming\Antigravity\User\workspaceStorage\4d28dcab0e4714d6e45df13c978648f2\redhat.java\jdt_ws

Host: Intel(R) Core(TM) i5-10210U CPU @ 1.60GHz, 8 cores, 7G,  Windows 11 , 64 bit Build 26100 (10.0.26100.7623)
Time: Tue Feb 24 10:13:02 2026  Windows 11 , 64 bit Build 26100 (10.0.26100.7623) elapsed time: 100.910359 seconds (0d 0h 1m 40s)

---------------  T H R E A D  ---------------

Current thread (0x00000171d3983a70):  JavaThread "C2 CompilerThread0" daemon [_thread_in_native, id=12944, stack(0x0000000100f00000,0x0000000101000000)]


Current CompileTask:
C2: 100911 6485       4       org.eclipse.osgi.internal.loader.BundleLoader::addExportedProvidersFor (167 bytes)

Stack: [0x0000000100f00000,0x0000000101000000]
Native frames: (J=compiled Java code, j=interpreted, Vv=VM code, C=native code)
V  [jvm.dll+0x67731a]
V  [jvm.dll+0x832284]
V  [jvm.dll+0x833a2e]
V  [jvm.dll+0x834093]
V  [jvm.dll+0x245775]
V  [jvm.dll+0xabd7b]
V  [jvm.dll+0xac30c]
V  [jvm.dll+0x2ac80f]
V  [jvm.dll+0x57dd77]
V  [jvm.dll+0x220892]
V  [jvm.dll+0x220c6f]
V  [jvm.dll+0x21a4d5]
V  [jvm.dll+0x21799b]
V  [jvm.dll+0x1a3f8d]
V  [jvm.dll+0x227498]
V  [jvm.dll+0x2255e5]
V  [jvm.dll+0x7e7e9b]
V  [jvm.dll+0x7e240a]
V  [jvm.dll+0x6761a5]
C  [ucrtbase.dll+0x37b0]
C  [KERNEL32.DLL+0x2e8d7]
C  [ntdll.dll+0x8c53c]


---------------  P R O C E S S  ---------------

Threads class SMR info:
_java_thread_list=0x00000171d5c78610, length=36, elements={
0x00000171fdcf7190, 0x00000171fddaa7a0, 0x00000171fddada20, 0x00000171d1dfe350,
0x00000171d3980020, 0x00000171d39808e0, 0x00000171d39831b0, 0x00000171d3983a70,
0x00000171d39f2050, 0x00000171d39f3870, 0x00000171d3a7cbc0, 0x00000171d3b85d20,
0x00000171d4d852b0, 0x00000171d4ef3100, 0x00000171d4ef3870, 0x00000171d5a2f820,
0x00000171d4d218a0, 0x00000171d4b2d520, 0x00000171d4e34230, 0x00000171d4b8c350,
0x00000171d4b8ccf0, 0x00000171d4b8be80, 0x00000171d4b8b9b0, 0x00000171d4b8b4e0,
0x00000171d9f3f4a0, 0x00000171d9f3e630, 0x00000171d9f3c480, 0x00000171d9f3fe40,
0x00000171d9f3ce20, 0x00000171d9f3e160, 0x00000171d9f41180, 0x00000171d9f3d7c0,
0x00000171d9f3eb00, 0x00000171d9f3dc90, 0x00000171d9f42990, 0x00000171d9f41ff0
}

Java Threads: ( => current thread )
  0x00000171fdcf7190 JavaThread "main" [_thread_blocked, id=26632, stack(0x0000000100600000,0x0000000100700000)]
  0x00000171fddaa7a0 JavaThread "Reference Handler" daemon [_thread_blocked, id=26672, stack(0x0000000100900000,0x0000000100a00000)]
  0x00000171fddada20 JavaThread "Finalizer" daemon [_thread_blocked, id=25720, stack(0x0000000100a00000,0x0000000100b00000)]
  0x00000171d1dfe350 JavaThread "Signal Dispatcher" daemon [_thread_blocked, id=34208, stack(0x0000000100b00000,0x0000000100c00000)]
  0x00000171d3980020 JavaThread "Attach Listener" daemon [_thread_blocked, id=24972, stack(0x0000000100c00000,0x0000000100d00000)]
  0x00000171d39808e0 JavaThread "Service Thread" daemon [_thread_blocked, id=4496, stack(0x0000000100d00000,0x0000000100e00000)]
  0x00000171d39831b0 JavaThread "Monitor Deflation Thread" daemon [_thread_blocked, id=18456, stack(0x0000000100e00000,0x0000000100f00000)]
=>0x00000171d3983a70 JavaThread "C2 CompilerThread0" daemon [_thread_in_native, id=12944, stack(0x0000000100f00000,0x0000000101000000)]
  0x00000171d39f2050 JavaThread "C1 CompilerThread0" daemon [_thread_blocked, id=24052, stack(0x0000000101000000,0x0000000101100000)]
  0x00000171d39f3870 JavaThread "Sweeper thread" daemon [_thread_blocked, id=16676, stack(0x0000000101100000,0x0000000101200000)]
  0x00000171d3a7cbc0 JavaThread "Common-Cleaner" daemon [_thread_blocked, id=25732, stack(0x0000000101200000,0x0000000101300000)]
  0x00000171d3b85d20 JavaThread "Notification Thread" daemon [_thread_blocked, id=25764, stack(0x0000000101300000,0x0000000101400000)]
  0x00000171d4d852b0 JavaThread "Active Thread: Equinox Container: 97c05260-b985-46e3-b443-bc96813651d3" [_thread_blocked, id=31472, stack(0x0000000101b00000,0x0000000101c00000)]
  0x00000171d4ef3100 JavaThread "Framework Event Dispatcher: Equinox Container: 97c05260-b985-46e3-b443-bc96813651d3" daemon [_thread_blocked, id=12308, stack(0x0000000101c00000,0x0000000101d00000)]
  0x00000171d4ef3870 JavaThread "Start Level: Equinox Container: 97c05260-b985-46e3-b443-bc96813651d3" daemon [_thread_blocked, id=31052, stack(0x0000000101d00000,0x0000000101e00000)]
  0x00000171d5a2f820 JavaThread "SCR Component Actor" daemon [_thread_blocked, id=32412, stack(0x0000000101e00000,0x0000000101f00000)]
  0x00000171d4d218a0 JavaThread "Worker-JM" [_thread_blocked, id=25292, stack(0x0000000102100000,0x0000000102200000)]
  0x00000171d4b2d520 JavaThread "Worker-0" [_thread_blocked, id=32160, stack(0x0000000100400000,0x0000000100500000)]
  0x00000171d4e34230 JavaThread "Worker-1: Initialize workspace" [_thread_blocked, id=20132, stack(0x0000000102000000,0x0000000102100000)]
  0x00000171d4b8c350 JavaThread "Worker-2" [_thread_blocked, id=2340, stack(0x0000000102300000,0x0000000102400000)]
  0x00000171d4b8ccf0 JavaThread "Java indexing" daemon [_thread_blocked, id=2444, stack(0x0000000102400000,0x0000000102500000)]
  0x00000171d4b8be80 JavaThread "Worker-3" [_thread_blocked, id=16996, stack(0x0000000102500000,0x0000000102600000)]
  0x00000171d4b8b9b0 JavaThread "JNA Cleaner" daemon [_thread_blocked, id=25948, stack(0x0000000102600000,0x0000000102700000)]
  0x00000171d4b8b4e0 JavaThread "pool-2-thread-1" [_thread_blocked, id=31644, stack(0x0000000102a00000,0x0000000102b00000)]
  0x00000171d9f3f4a0 JavaThread "pool-1-thread-1" [_thread_in_Java, id=34168, stack(0x0000000102b00000,0x0000000102c00000)]
  0x00000171d9f3e630 JavaThread "Timer-0" [_thread_blocked, id=29240, stack(0x0000000102200000,0x0000000102300000)]
  0x00000171d9f3c480 JavaThread "Timer-1" [_thread_blocked, id=26856, stack(0x0000000102c00000,0x0000000102d00000)]
  0x00000171d9f3fe40 JavaThread "Timer-2" [_thread_blocked, id=19876, stack(0x0000000102900000,0x0000000102a00000)]
  0x00000171d9f3ce20 JavaThread "Timer-3" [_thread_blocked, id=18172, stack(0x0000000102d00000,0x0000000102e00000)]
  0x00000171d9f3e160 JavaThread "Exec process" [_thread_blocked, id=26968, stack(0x0000000100100000,0x0000000100200000)]
  0x00000171d9f41180 JavaThread "Exec process Thread 2" [_thread_blocked, id=14220, stack(0x0000000102f00000,0x0000000103000000)]
  0x00000171d9f3d7c0 JavaThread "Exec process Thread 3" [_thread_blocked, id=24808, stack(0x0000000103000000,0x0000000103100000)]
  0x00000171d9f3eb00 JavaThread "Worker-4" [_thread_blocked, id=27952, stack(0x0000000102e00000,0x0000000102f00000)]
  0x00000171d9f3dc90 JavaThread "Worker-5" [_thread_blocked, id=22660, stack(0x0000000103100000,0x0000000103200000)]
  0x00000171d9f42990 JavaThread "ForkJoinPool.commonPool-worker-1" daemon [_thread_blocked, id=6004, stack(0x0000000103400000,0x0000000103500000)]
  0x00000171d9f41ff0 JavaThread "Timer-4" [_thread_blocked, id=6528, stack(0x0000000103500000,0x0000000103600000)]

Other Threads:
  0x00000171d1df9ba0 VMThread "VM Thread" [stack: 0x0000000100800000,0x0000000100900000] [id=11824]
  0x00000171d47e0020 WatcherThread [stack: 0x0000000101400000,0x0000000101500000] [id=33156]
  0x00000171fdd0c0c0 GCTaskThread "GC Thread#0" [stack: 0x0000000100700000,0x0000000100800000] [id=29912]
  0x00000171d4b5dcb0 GCTaskThread "GC Thread#1" [stack: 0x0000000101500000,0x0000000101600000] [id=31660]
  0x00000171d4893be0 GCTaskThread "GC Thread#2" [stack: 0x0000000101600000,0x0000000101700000] [id=4912]
  0x00000171d4b5df60 GCTaskThread "GC Thread#3" [stack: 0x0000000101700000,0x0000000101800000] [id=17084]
  0x00000171d4b60460 GCTaskThread "GC Thread#4" [stack: 0x0000000101800000,0x0000000101900000] [id=12920]
  0x00000171d4b60710 GCTaskThread "GC Thread#5" [stack: 0x0000000101900000,0x0000000101a00000] [id=8708]
  0x00000171d4b609c0 GCTaskThread "GC Thread#6" [stack: 0x0000000101a00000,0x0000000101b00000] [id=21920]
  0x00000171d4ef1010 GCTaskThread "GC Thread#7" [stack: 0x0000000101f00000,0x0000000102000000] [id=27772]

Threads with active compile tasks:
C2 CompilerThread0   101173 6485       4       org.eclipse.osgi.internal.loader.BundleLoader::addExportedProvidersFor (167 bytes)

VM state: not at safepoint (normal execution)

VM Mutex/Monitor currently owned by a thread: None

Heap address: 0x00000000c0000000, size: 1024 MB, Compressed Oops mode: 32-bit

CDS archive(s) not mapped
Compressed class space mapped at: 0x0000017191c00000-0x00000171d1c00000, reserved size: 1073741824
Narrow klass base: 0x0000017191c00000, Narrow klass shift: 0, Narrow klass range: 0x40000000

GC Precious Log:
 CPUs: 8 total, 8 available
 Memory: 8001M
 Large Page Support: Disabled
 NUMA Support: Disabled
 Compressed Oops: Enabled (32-bit)
 Alignments: Space 512K, Generation 512K, Heap 2M
 Heap Min Capacity: 100M
 Heap Initial Capacity: 100M
 Heap Max Capacity: 1G
 Pre-touch: Disabled
 Parallel Workers: 8

Heap:
 PSYoungGen      total 14336K, used 959K [0x00000000eab00000, 0x00000000ebc00000, 0x0000000100000000)
  eden space 12800K, 3% used [0x00000000eab00000,0x00000000eab7be28,0x00000000eb780000)
  from space 1536K, 30% used [0x00000000eb900000,0x00000000eb974160,0x00000000eba80000)
  to   space 1024K, 0% used [0x00000000ebb00000,0x00000000ebb00000,0x00000000ebc00000)
 ParOldGen       total 68608K, used 43862K [0x00000000c0000000, 0x00000000c4300000, 0x00000000eab00000)
  object space 68608K, 63% used [0x00000000c0000000,0x00000000c2ad59a0,0x00000000c4300000)
 Metaspace       used 60618K, committed 61440K, reserved 1105920K
  class space    used 7388K, committed 7744K, reserved 1048576K

Card table byte_map: [0x00000171fd6c0000,0x00000171fd8d0000] _byte_map_base: 0x00000171fd0c0000

Marking Bits: (ParMarkBitMap*) 0x00007ffbebdb2cc0
 Begin Bits: [0x00000171fddb0000, 0x00000171fedb0000)
 End Bits:   [0x00000171fedb0000, 0x00000171ffdb0000)

Polling page: 0x00000171fd4b0000

Metaspace:

Usage:
  Non-class:     51.98 MB used.
      Class:      7.22 MB used.
       Both:     59.20 MB used.

Virtual space:
  Non-class space:       56.00 MB reserved,      52.44 MB ( 94%) committed,  7 nodes.
      Class space:        1.00 GB reserved,       7.56 MB ( <1%) committed,  1 nodes.
             Both:        1.05 GB reserved,      60.00 MB (  6%) committed. 

Chunk freelists:
   Non-Class:  2.64 MB
       Class:  392.00 KB
        Both:  3.02 MB

MaxMetaspaceSize: unlimited
CompressedClassSpaceSize: 1.00 GB
Initial GC threshold: 21.00 MB
Current GC threshold: 97.31 MB
CDS: off
MetaspaceReclaimPolicy: balanced
 - commit_granule_bytes: 65536.
 - commit_granule_words: 8192.
 - virtual_space_node_default_size: 1048576.
 - enlarge_chunks_in_place: 1.
 - new_chunks_are_fully_committed: 0.
 - uncommit_free_chunks: 1.
 - use_allocation_guard: 0.
 - handle_deallocations: 1.


Internal statistics:

num_allocs_failed_limit: 9.
num_arena_births: 510.
num_arena_deaths: 14.
num_vsnodes_births: 8.
num_vsnodes_deaths: 0.
num_space_committed: 960.
num_space_uncommitted: 0.
num_chunks_returned_to_freelist: 23.
num_chunks_taken_from_freelist: 2789.
num_chunk_merges: 10.
num_chunk_splits: 1806.
num_chunks_enlarged: 1136.
num_purges: 2.
num_inconsistent_stats: 0.

CodeHeap 'non-profiled nmethods': size=120000Kb used=3135Kb max_used=3135Kb free=116864Kb
 bounds [0x000001718a690000, 0x000001718a9a0000, 0x0000017191bc0000]
CodeHeap 'profiled nmethods': size=120000Kb used=10438Kb max_used=11302Kb free=109561Kb
 bounds [0x0000017183160000, 0x0000017183c70000, 0x000001718a690000]
CodeHeap 'non-nmethods': size=5760Kb used=1293Kb max_used=1358Kb free=4466Kb
 bounds [0x0000017182bc0000, 0x0000017182e30000, 0x0000017183160000]
 total_blobs=6170 nmethods=5548 adapters=536
 compilation: enabled
              stopped_count=0, restarted_count=0
 full_count=0

Compilation events (20 events):
Event: 99.242 Thread 0x00000171d39f2050 6489       1       com.google.gson.stream.JsonWriter::isHtmlSafe (5 bytes)
Event: 99.242 Thread 0x00000171d39f2050 nmethod 6489 0x000001718a996b90 code [0x000001718a996d20, 0x000001718a996df8]
Event: 99.242 Thread 0x00000171d39f2050 6490       1       com.google.gson.stream.JsonWriter::getSerializeNulls (5 bytes)
Event: 99.242 Thread 0x00000171d39f2050 nmethod 6490 0x000001718a996e90 code [0x000001718a997020, 0x000001718a9970f8]
Event: 99.253 Thread 0x00000171d39f2050 6491       3       org.eclipse.core.internal.jobs.JobManager::lifeTimeInMs (19 bytes)
Event: 99.254 Thread 0x00000171d39f2050 nmethod 6491 0x0000017183306910 code [0x0000017183306ac0, 0x0000017183306cf8]
Event: 99.254 Thread 0x00000171d39f2050 6492       3       org.eclipse.core.internal.jobs.JobManager::now (16 bytes)
Event: 99.255 Thread 0x00000171d39f2050 nmethod 6492 0x0000017183305f10 code [0x0000017183306100, 0x0000017183306698]
Event: 99.255 Thread 0x00000171d39f2050 6493       3       org.eclipse.core.internal.jobs.JobManager$$Lambda$126/0x0000017191dea118::<init> (10 bytes)
Event: 99.256 Thread 0x00000171d39f2050 nmethod 6493 0x0000017183305b10 code [0x0000017183305ca0, 0x0000017183305e18]
Event: 99.372 Thread 0x00000171d39f2050 6494       3       com.google.gson.internal.bind.TypeAdapters$15::write (10 bytes)
Event: 99.373 Thread 0x00000171d39f2050 nmethod 6494 0x00000171833a7890 code [0x00000171833a7aa0, 0x00000171833a80c8]
Event: 99.374 Thread 0x00000171d39f2050 6495       3       com.google.gson.internal.bind.TypeAdapters$15::write (7 bytes)
Event: 99.374 Thread 0x00000171d39f2050 nmethod 6495 0x0000017183305290 code [0x0000017183305480, 0x0000017183305928]
Event: 99.497 Thread 0x00000171d3983a70 nmethod 6437 0x000001718a997190 code [0x000001718a9976a0, 0x000001718a99c160]
Event: 99.498 Thread 0x00000171d3983a70 6443       4       org.gradle.internal.io.StreamByteBuffer::prepareRead (102 bytes)
Event: 99.503 Thread 0x00000171d3983a70 nmethod 6443 0x000001718a99f710 code [0x000001718a99f8a0, 0x000001718a99fa48]
Event: 99.503 Thread 0x00000171d3983a70 6485       4       org.eclipse.osgi.internal.loader.BundleLoader::addExportedProvidersFor (167 bytes)
Event: 99.872 Thread 0x00000171d39f2050 6496       1       java.lang.StringUTF16$CharsSpliterator::characteristics (5 bytes)
Event: 99.872 Thread 0x00000171d39f2050 nmethod 6496 0x000001718a99fc10 code [0x000001718a99fda0, 0x000001718a99fe78]

GC Heap History (20 events):
Event: 71.737 GC heap before
{Heap before GC invocations=28 (full 2):
 PSYoungGen      total 17920K, used 13392K [0x00000000eab00000, 0x00000000ebe80000, 0x0000000100000000)
  eden space 12800K, 100% used [0x00000000eab00000,0x00000000eb780000,0x00000000eb780000)
  from space 5120K, 11% used [0x00000000eb780000,0x00000000eb814010,0x00000000ebc80000)
  to   space 2048K, 0% used [0x00000000ebc80000,0x00000000ebc80000,0x00000000ebe80000)
 ParOldGen       total 68608K, used 42669K [0x00000000c0000000, 0x00000000c4300000, 0x00000000eab00000)
  object space 68608K, 62% used [0x00000000c0000000,0x00000000c29ab678,0x00000000c4300000)
 Metaspace       used 52898K, committed 53696K, reserved 1097728K
  class space    used 6115K, committed 6464K, reserved 1048576K
}
Event: 71.740 GC heap after
{Heap after GC invocations=28 (full 2):
 PSYoungGen      total 13312K, used 416K [0x00000000eab00000, 0x00000000ebd00000, 0x0000000100000000)
  eden space 12800K, 0% used [0x00000000eab00000,0x00000000eab00000,0x00000000eb780000)
  from space 512K, 81% used [0x00000000ebc80000,0x00000000ebce8000,0x00000000ebd00000)
  to   space 1024K, 0% used [0x00000000ebb00000,0x00000000ebb00000,0x00000000ebc00000)
 ParOldGen       total 68608K, used 43133K [0x00000000c0000000, 0x00000000c4300000, 0x00000000eab00000)
  object space 68608K, 62% used [0x00000000c0000000,0x00000000c2a1f6c8,0x00000000c4300000)
 Metaspace       used 52898K, committed 53696K, reserved 1097728K
  class space    used 6115K, committed 6464K, reserved 1048576K
}
Event: 74.811 GC heap before
{Heap before GC invocations=29 (full 2):
 PSYoungGen      total 13312K, used 13216K [0x00000000eab00000, 0x00000000ebd00000, 0x0000000100000000)
  eden space 12800K, 100% used [0x00000000eab00000,0x00000000eb780000,0x00000000eb780000)
  from space 512K, 81% used [0x00000000ebc80000,0x00000000ebce8000,0x00000000ebd00000)
  to   space 1024K, 0% used [0x00000000ebb00000,0x00000000ebb00000,0x00000000ebc00000)
 ParOldGen       total 68608K, used 43133K [0x00000000c0000000, 0x00000000c4300000, 0x00000000eab00000)
  object space 68608K, 62% used [0x00000000c0000000,0x00000000c2a1f6c8,0x00000000c4300000)
 Metaspace       used 54402K, committed 55296K, reserved 1097728K
  class space    used 6318K, committed 6720K, reserved 1048576K
}
Event: 74.813 GC heap after
{Heap after GC invocations=29 (full 2):
 PSYoungGen      total 13824K, used 626K [0x00000000eab00000, 0x00000000ebd00000, 0x0000000100000000)
  eden space 12800K, 0% used [0x00000000eab00000,0x00000000eab00000,0x00000000eb780000)
  from space 1024K, 61% used [0x00000000ebb00000,0x00000000ebb9c858,0x00000000ebc00000)
  to   space 1024K, 0% used [0x00000000ebc00000,0x00000000ebc00000,0x00000000ebd00000)
 ParOldGen       total 68608K, used 43445K [0x00000000c0000000, 0x00000000c4300000, 0x00000000eab00000)
  object space 68608K, 63% used [0x00000000c0000000,0x00000000c2a6d6c8,0x00000000c4300000)
 Metaspace       used 54402K, committed 55296K, reserved 1097728K
  class space    used 6318K, committed 6720K, reserved 1048576K
}
Event: 75.710 GC heap before
{Heap before GC invocations=30 (full 2):
 PSYoungGen      total 13824K, used 13426K [0x00000000eab00000, 0x00000000ebd00000, 0x0000000100000000)
  eden space 12800K, 100% used [0x00000000eab00000,0x00000000eb780000,0x00000000eb780000)
  from space 1024K, 61% used [0x00000000ebb00000,0x00000000ebb9c858,0x00000000ebc00000)
  to   space 1024K, 0% used [0x00000000ebc00000,0x00000000ebc00000,0x00000000ebd00000)
 ParOldGen       total 68608K, used 43445K [0x00000000c0000000, 0x00000000c4300000, 0x00000000eab00000)
  object space 68608K, 63% used [0x00000000c0000000,0x00000000c2a6d6c8,0x00000000c4300000)
 Metaspace       used 55300K, committed 56192K, reserved 1105920K
  class space    used 6459K, committed 6848K, reserved 1048576K
}
Event: 75.711 GC heap after
{Heap after GC invocations=30 (full 2):
 PSYoungGen      total 13824K, used 917K [0x00000000eab00000, 0x00000000ebd00000, 0x0000000100000000)
  eden space 12800K, 0% used [0x00000000eab00000,0x00000000eab00000,0x00000000eb780000)
  from space 1024K, 89% used [0x00000000ebc00000,0x00000000ebce5428,0x00000000ebd00000)
  to   space 1024K, 0% used [0x00000000ebb00000,0x00000000ebb00000,0x00000000ebc00000)
 ParOldGen       total 68608K, used 43834K [0x00000000c0000000, 0x00000000c4300000, 0x00000000eab00000)
  object space 68608K, 63% used [0x00000000c0000000,0x00000000c2acea70,0x00000000c4300000)
 Metaspace       used 55300K, committed 56192K, reserved 1105920K
  class space    used 6459K, committed 6848K, reserved 1048576K
}
Event: 77.180 GC heap before
{Heap before GC invocations=31 (full 2):
 PSYoungGen      total 13824K, used 13717K [0x00000000eab00000, 0x00000000ebd00000, 0x0000000100000000)
  eden space 12800K, 100% used [0x00000000eab00000,0x00000000eb780000,0x00000000eb780000)
  from space 1024K, 89% used [0x00000000ebc00000,0x00000000ebce5428,0x00000000ebd00000)
  to   space 1024K, 0% used [0x00000000ebb00000,0x00000000ebb00000,0x00000000ebc00000)
 ParOldGen       total 68608K, used 43834K [0x00000000c0000000, 0x00000000c4300000, 0x00000000eab00000)
  object space 68608K, 63% used [0x00000000c0000000,0x00000000c2acea70,0x00000000c4300000)
 Metaspace       used 56255K, committed 57152K, reserved 1105920K
  class space    used 6651K, committed 7040K, reserved 1048576K
}
Event: 77.182 GC heap after
{Heap after GC invocations=31 (full 2):
 PSYoungGen      total 13312K, used 320K [0x00000000eab00000, 0x00000000ebc80000, 0x0000000100000000)
  eden space 12800K, 0% used [0x00000000eab00000,0x00000000eab00000,0x00000000eb780000)
  from space 512K, 62% used [0x00000000ebb00000,0x00000000ebb50150,0x00000000ebb80000)
  to   space 1024K, 0% used [0x00000000ebb80000,0x00000000ebb80000,0x00000000ebc80000)
 ParOldGen       total 68608K, used 44655K [0x00000000c0000000, 0x00000000c4300000, 0x00000000eab00000)
  object space 68608K, 65% used [0x00000000c0000000,0x00000000c2b9bd10,0x00000000c4300000)
 Metaspace       used 56255K, committed 57152K, reserved 1105920K
  class space    used 6651K, committed 7040K, reserved 1048576K
}
Event: 77.830 GC heap before
{Heap before GC invocations=32 (full 2):
 PSYoungGen      total 13312K, used 13120K [0x00000000eab00000, 0x00000000ebc80000, 0x0000000100000000)
  eden space 12800K, 100% used [0x00000000eab00000,0x00000000eb780000,0x00000000eb780000)
  from space 512K, 62% used [0x00000000ebb00000,0x00000000ebb50150,0x00000000ebb80000)
  to   space 1024K, 0% used [0x00000000ebb80000,0x00000000ebb80000,0x00000000ebc80000)
 ParOldGen       total 68608K, used 44655K [0x00000000c0000000, 0x00000000c4300000, 0x00000000eab00000)
  object space 68608K, 65% used [0x00000000c0000000,0x00000000c2b9bd10,0x00000000c4300000)
 Metaspace       used 57097K, committed 57984K, reserved 1105920K
  class space    used 6845K, committed 7232K, reserved 1048576K
}
Event: 77.831 GC heap after
{Heap after GC invocations=32 (full 2):
 PSYoungGen      total 13312K, used 306K [0x00000000eab00000, 0x00000000ebc00000, 0x0000000100000000)
  eden space 12800K, 0% used [0x00000000eab00000,0x00000000eab00000,0x00000000eb780000)
  from space 512K, 59% used [0x00000000ebb80000,0x00000000ebbccb90,0x00000000ebc00000)
  to   space 512K, 0% used [0x00000000ebb00000,0x00000000ebb00000,0x00000000ebb80000)
 ParOldGen       total 68608K, used 44764K [0x00000000c0000000, 0x00000000c4300000, 0x00000000eab00000)
  object space 68608K, 65% used [0x00000000c0000000,0x00000000c2bb7068,0x00000000c4300000)
 Metaspace       used 57097K, committed 57984K, reserved 1105920K
  class space    used 6845K, committed 7232K, reserved 1048576K
}
Event: 78.943 GC heap before
{Heap before GC invocations=33 (full 2):
 PSYoungGen      total 13312K, used 13106K [0x00000000eab00000, 0x00000000ebc00000, 0x0000000100000000)
  eden space 12800K, 100% used [0x00000000eab00000,0x00000000eb780000,0x00000000eb780000)
  from space 512K, 59% used [0x00000000ebb80000,0x00000000ebbccb90,0x00000000ebc00000)
  to   space 512K, 0% used [0x00000000ebb00000,0x00000000ebb00000,0x00000000ebb80000)
 ParOldGen       total 68608K, used 44764K [0x00000000c0000000, 0x00000000c4300000, 0x00000000eab00000)
  object space 68608K, 65% used [0x00000000c0000000,0x00000000c2bb7068,0x00000000c4300000)
 Metaspace       used 57655K, committed 58560K, reserved 1105920K
  class space    used 6992K, committed 7424K, reserved 1048576K
}
Event: 78.944 GC heap after
{Heap after GC invocations=33 (full 2):
 PSYoungGen      total 13312K, used 379K [0x00000000eab00000, 0x00000000ebc00000, 0x0000000100000000)
  eden space 12800K, 0% used [0x00000000eab00000,0x00000000eab00000,0x00000000eb780000)
  from space 512K, 74% used [0x00000000ebb00000,0x00000000ebb5efc0,0x00000000ebb80000)
  to   space 512K, 0% used [0x00000000ebb80000,0x00000000ebb80000,0x00000000ebc00000)
 ParOldGen       total 68608K, used 44868K [0x00000000c0000000, 0x00000000c4300000, 0x00000000eab00000)
  object space 68608K, 65% used [0x00000000c0000000,0x00000000c2bd1068,0x00000000c4300000)
 Metaspace       used 57655K, committed 58560K, reserved 1105920K
  class space    used 6992K, committed 7424K, reserved 1048576K
}
Event: 82.152 GC heap before
{Heap before GC invocations=34 (full 2):
 PSYoungGen      total 13312K, used 13179K [0x00000000eab00000, 0x00000000ebc00000, 0x0000000100000000)
  eden space 12800K, 100% used [0x00000000eab00000,0x00000000eb780000,0x00000000eb780000)
  from space 512K, 74% used [0x00000000ebb00000,0x00000000ebb5efc0,0x00000000ebb80000)
  to   space 512K, 0% used [0x00000000ebb80000,0x00000000ebb80000,0x00000000ebc00000)
 ParOldGen       total 68608K, used 44868K [0x00000000c0000000, 0x00000000c4300000, 0x00000000eab00000)
  object space 68608K, 65% used [0x00000000c0000000,0x00000000c2bd1068,0x00000000c4300000)
 Metaspace       used 58535K, committed 59392K, reserved 1105920K
  class space    used 7158K, committed 7552K, reserved 1048576K
}
Event: 82.153 GC heap after
{Heap after GC invocations=34 (full 2):
 PSYoungGen      total 13312K, used 448K [0x00000000eab00000, 0x00000000ebc00000, 0x0000000100000000)
  eden space 12800K, 0% used [0x00000000eab00000,0x00000000eab00000,0x00000000eb780000)
  from space 512K, 87% used [0x00000000ebb80000,0x00000000ebbf0000,0x00000000ebc00000)
  to   space 512K, 0% used [0x00000000ebb00000,0x00000000ebb00000,0x00000000ebb80000)
 ParOldGen       total 68608K, used 45003K [0x00000000c0000000, 0x00000000c4300000, 0x00000000eab00000)
  object space 68608K, 65% used [0x00000000c0000000,0x00000000c2bf2d78,0x00000000c4300000)
 Metaspace       used 58535K, committed 59392K, reserved 1105920K
  class space    used 7158K, committed 7552K, reserved 1048576K
}
Event: 82.332 GC heap before
{Heap before GC invocations=35 (full 2):
 PSYoungGen      total 13312K, used 2525K [0x00000000eab00000, 0x00000000ebc00000, 0x0000000100000000)
  eden space 12800K, 16% used [0x00000000eab00000,0x00000000ead07530,0x00000000eb780000)
  from space 512K, 87% used [0x00000000ebb80000,0x00000000ebbf0000,0x00000000ebc00000)
  to   space 512K, 0% used [0x00000000ebb00000,0x00000000ebb00000,0x00000000ebb80000)
 ParOldGen       total 68608K, used 45003K [0x00000000c0000000, 0x00000000c4300000, 0x00000000eab00000)
  object space 68608K, 65% used [0x00000000c0000000,0x00000000c2bf2d78,0x00000000c4300000)
 Metaspace       used 58930K, committed 59776K, reserved 1105920K
  class space    used 7210K, committed 7616K, reserved 1048576K
}
Event: 82.334 GC heap after
{Heap after GC invocations=35 (full 2):
 PSYoungGen      total 13312K, used 288K [0x00000000eab00000, 0x00000000ebc00000, 0x0000000100000000)
  eden space 12800K, 0% used [0x00000000eab00000,0x00000000eab00000,0x00000000eb780000)
  from space 512K, 56% used [0x00000000ebb00000,0x00000000ebb48000,0x00000000ebb80000)
  to   space 512K, 0% used [0x00000000ebb80000,0x00000000ebb80000,0x00000000ebc00000)
 ParOldGen       total 68608K, used 45307K [0x00000000c0000000, 0x00000000c4300000, 0x00000000eab00000)
  object space 68608K, 66% used [0x00000000c0000000,0x00000000c2c3ed98,0x00000000c4300000)
 Metaspace       used 58930K, committed 59776K, reserved 1105920K
  class space    used 7210K, committed 7616K, reserved 1048576K
}
Event: 82.334 GC heap before
{Heap before GC invocations=36 (full 3):
 PSYoungGen      total 13312K, used 288K [0x00000000eab00000, 0x00000000ebc00000, 0x0000000100000000)
  eden space 12800K, 0% used [0x00000000eab00000,0x00000000eab00000,0x00000000eb780000)
  from space 512K, 56% used [0x00000000ebb00000,0x00000000ebb48000,0x00000000ebb80000)
  to   space 512K, 0% used [0x00000000ebb80000,0x00000000ebb80000,0x00000000ebc00000)
 ParOldGen       total 68608K, used 45307K [0x00000000c0000000, 0x00000000c4300000, 0x00000000eab00000)
  object space 68608K, 66% used [0x00000000c0000000,0x00000000c2c3ed98,0x00000000c4300000)
 Metaspace       used 58930K, committed 59776K, reserved 1105920K
  class space    used 7210K, committed 7616K, reserved 1048576K
}
Event: 82.425 GC heap after
{Heap after GC invocations=36 (full 3):
 PSYoungGen      total 13312K, used 0K [0x00000000eab00000, 0x00000000ebc00000, 0x0000000100000000)
  eden space 12800K, 0% used [0x00000000eab00000,0x00000000eab00000,0x00000000eb780000)
  from space 512K, 0% used [0x00000000ebb00000,0x00000000ebb00000,0x00000000ebb80000)
  to   space 512K, 0% used [0x00000000ebb80000,0x00000000ebb80000,0x00000000ebc00000)
 ParOldGen       total 68608K, used 42833K [0x00000000c0000000, 0x00000000c4300000, 0x00000000eab00000)
  object space 68608K, 62% used [0x00000000c0000000,0x00000000c29d4428,0x00000000c4300000)
 Metaspace       used 58930K, committed 59776K, reserved 1105920K
  class space    used 7210K, committed 7616K, reserved 1048576K
}
Event: 88.212 GC heap before
{Heap before GC invocations=37 (full 3):
 PSYoungGen      total 13312K, used 12800K [0x00000000eab00000, 0x00000000ebc00000, 0x0000000100000000)
  eden space 12800K, 100% used [0x00000000eab00000,0x00000000eb780000,0x00000000eb780000)
  from space 512K, 0% used [0x00000000ebb00000,0x00000000ebb00000,0x00000000ebb80000)
  to   space 512K, 0% used [0x00000000ebb80000,0x00000000ebb80000,0x00000000ebc00000)
 ParOldGen       total 68608K, used 42833K [0x00000000c0000000, 0x00000000c4300000, 0x00000000eab00000)
  object space 68608K, 62% used [0x00000000c0000000,0x00000000c29d4428,0x00000000c4300000)
 Metaspace       used 59961K, committed 60800K, reserved 1105920K
  class space    used 7334K, committed 7680K, reserved 1048576K
}
Event: 88.213 GC heap after
{Heap after GC invocations=37 (full 3):
 PSYoungGen      total 13312K, used 500K [0x00000000eab00000, 0x00000000ebc00000, 0x0000000100000000)
  eden space 12800K, 0% used [0x00000000eab00000,0x00000000eab00000,0x00000000eb780000)
  from space 512K, 97% used [0x00000000ebb80000,0x00000000ebbfd2e0,0x00000000ebc00000)
  to   space 1536K, 0% used [0x00000000eb900000,0x00000000eb900000,0x00000000eba80000)
 ParOldGen       total 68608K, used 43378K [0x00000000c0000000, 0x00000000c4300000, 0x00000000eab00000)
  object space 68608K, 63% used [0x00000000c0000000,0x00000000c2a5c8e0,0x00000000c4300000)
 Metaspace       used 59961K, committed 60800K, reserved 1105920K
  class space    used 7334K, committed 7680K, reserved 1048576K
}

Deoptimization events (20 events):
Event: 96.790 Thread 0x00000171d9f424c0 Uncommon trap: trap_request=0xffffffbe fr.pc=0x000001718a750fa8 relative=0x0000000000000ac8
Event: 96.790 Thread 0x00000171d9f424c0 Uncommon trap: reason=profile_predicate action=maybe_recompile pc=0x000001718a750fa8 method=java.util.regex.Pattern$BnM.optimize(Ljava/util/regex/Pattern$Node;)Ljava/util/regex/Pattern$Node; @ 67 c2
Event: 96.790 Thread 0x00000171d9f424c0 DEOPT PACKING pc=0x000001718a750fa8 sp=0x00000001036fe4b0
Event: 96.790 Thread 0x00000171d9f424c0 DEOPT UNPACKING pc=0x0000017182c120a3 sp=0x00000001036fe3e0 mode 2
Event: 96.929 Thread 0x00000171d9f424c0 Uncommon trap: trap_request=0xffffff45 fr.pc=0x000001718a83967c relative=0x000000000000013c
Event: 96.929 Thread 0x00000171d9f424c0 Uncommon trap: reason=unstable_if action=reinterpret pc=0x000001718a83967c method=org.gradle.internal.io.StreamByteBuffer.prepareRead()I @ 4 c2
Event: 96.929 Thread 0x00000171d9f424c0 DEOPT PACKING pc=0x000001718a83967c sp=0x00000001036fe920
Event: 96.929 Thread 0x00000171d9f424c0 DEOPT UNPACKING pc=0x0000017182c120a3 sp=0x00000001036fe8b8 mode 2
Event: 98.390 Thread 0x00000171d9f424c0 DEOPT PACKING pc=0x00000171832c19cd sp=0x00000001036fdb10
Event: 98.390 Thread 0x00000171d9f424c0 DEOPT UNPACKING pc=0x0000017182c12843 sp=0x00000001036fcfa8 mode 0
Event: 98.489 Thread 0x00000171d9f3efd0 DEOPT PACKING pc=0x00000171832f9803 sp=0x00000001037fe5c0
Event: 98.489 Thread 0x00000171d9f3efd0 DEOPT UNPACKING pc=0x0000017182c12843 sp=0x00000001037fda30 mode 0
Event: 99.044 Thread 0x00000171d9f424c0 Uncommon trap: trap_request=0xffffffde fr.pc=0x000001718a910c40 relative=0x0000000000000360
Event: 99.044 Thread 0x00000171d9f424c0 Uncommon trap: reason=class_check action=maybe_recompile pc=0x000001718a910c40 method=java.io.ObjectInputStream$PeekInputStream.read()I @ 23 c2
Event: 99.044 Thread 0x00000171d9f424c0 DEOPT PACKING pc=0x000001718a910c40 sp=0x00000001036fc7a0
Event: 99.044 Thread 0x00000171d9f424c0 DEOPT UNPACKING pc=0x0000017182c120a3 sp=0x00000001036fc720 mode 2
Event: 99.050 Thread 0x00000171d9f424c0 Uncommon trap: trap_request=0xffffffde fr.pc=0x000001718a910c40 relative=0x0000000000000360
Event: 99.050 Thread 0x00000171d9f424c0 Uncommon trap: reason=class_check action=maybe_recompile pc=0x000001718a910c40 method=java.io.ObjectInputStream$PeekInputStream.read()I @ 23 c2
Event: 99.050 Thread 0x00000171d9f424c0 DEOPT PACKING pc=0x000001718a910c40 sp=0x00000001036fc8c0
Event: 99.050 Thread 0x00000171d9f424c0 DEOPT UNPACKING pc=0x0000017182c120a3 sp=0x00000001036fc840 mode 2

Classes unloaded (7 events):
Event: 36.256 Thread 0x00000171d1df9ba0 Unloading class 0x0000017191e13c00 'java/lang/invoke/LambdaForm$MH+0x0000017191e13c00'
Event: 36.256 Thread 0x00000171d1df9ba0 Unloading class 0x0000017191e13800 'java/lang/invoke/LambdaForm$MH+0x0000017191e13800'
Event: 36.256 Thread 0x00000171d1df9ba0 Unloading class 0x0000017191e13400 'java/lang/invoke/LambdaForm$MH+0x0000017191e13400'
Event: 36.256 Thread 0x00000171d1df9ba0 Unloading class 0x0000017191e13000 'java/lang/invoke/LambdaForm$MH+0x0000017191e13000'
Event: 36.256 Thread 0x00000171d1df9ba0 Unloading class 0x0000017191e12800 'java/lang/invoke/LambdaForm$BMH+0x0000017191e12800'
Event: 36.256 Thread 0x00000171d1df9ba0 Unloading class 0x0000017191e12400 'java/lang/invoke/LambdaForm$DMH+0x0000017191e12400'
Event: 36.256 Thread 0x00000171d1df9ba0 Unloading class 0x0000017191e0e400 'java/lang/invoke/LambdaForm$DMH+0x0000017191e0e400'

Classes redefined (0 events):
No events

Internal exceptions (20 events):
Event: 99.142 Thread 0x00000171d4b2d520 Exception <a 'java/io/IOException'{0x00000000eac4bd80}> (0x00000000eac4bd80) 
thrown [s\src\hotspot\share\prims\jni.cpp, line 516]
Event: 99.143 Thread 0x00000171d4b2d520 Exception <a 'java/io/IOException'{0x00000000eac4c160}> (0x00000000eac4c160) 
thrown [s\src\hotspot\share\prims\jni.cpp, line 516]
Event: 99.145 Thread 0x00000171d4b8c350 Exception <a 'java/io/IOException'{0x00000000eb51c260}> (0x00000000eb51c260) 
thrown [s\src\hotspot\share\prims\jni.cpp, line 516]
Event: 99.145 Thread 0x00000171d4b8c350 Exception <a 'java/io/IOException'{0x00000000eb51c640}> (0x00000000eb51c640) 
thrown [s\src\hotspot\share\prims\jni.cpp, line 516]
Event: 99.145 Thread 0x00000171d4b8c350 Exception <a 'java/io/IOException'{0x00000000eb51ca20}> (0x00000000eb51ca20) 
thrown [s\src\hotspot\share\prims\jni.cpp, line 516]
Event: 99.147 Thread 0x00000171d4b2d520 Exception <a 'java/io/IOException'{0x00000000eb4ad8c8}> (0x00000000eb4ad8c8) 
thrown [s\src\hotspot\share\prims\jni.cpp, line 516]
Event: 99.147 Thread 0x00000171d4b2d520 Exception <a 'java/io/IOException'{0x00000000eb4adca8}> (0x00000000eb4adca8) 
thrown [s\src\hotspot\share\prims\jni.cpp, line 516]
Event: 99.148 Thread 0x00000171d4b2d520 Exception <a 'java/io/IOException'{0x00000000eb4ae088}> (0x00000000eb4ae088) 
thrown [s\src\hotspot\share\prims\jni.cpp, line 516]
Event: 99.253 Thread 0x00000171d4b8c350 Exception <a 'java/io/IOException'{0x00000000eb5922e8}> (0x00000000eb5922e8) 
thrown [s\src\hotspot\share\prims\jni.cpp, line 516]
Event: 99.254 Thread 0x00000171d4b8c350 Exception <a 'java/io/IOException'{0x00000000eb607848}> (0x00000000eb607848) 
thrown [s\src\hotspot\share\prims\jni.cpp, line 516]
Event: 99.254 Thread 0x00000171d4b8c350 Exception <a 'java/io/IOException'{0x00000000eb607c28}> (0x00000000eb607c28) 
thrown [s\src\hotspot\share\prims\jni.cpp, line 516]
Event: 99.256 Thread 0x00000171d4b8c350 Exception <a 'java/io/IOException'{0x00000000eb609a80}> (0x00000000eb609a80) 
thrown [s\src\hotspot\share\prims\jni.cpp, line 516]
Event: 99.256 Thread 0x00000171d4b8c350 Exception <a 'java/io/IOException'{0x00000000eb609e60}> (0x00000000eb609e60) 
thrown [s\src\hotspot\share\prims\jni.cpp, line 516]
Event: 99.256 Thread 0x00000171d4b8c350 Exception <a 'java/io/IOException'{0x00000000eb60a240}> (0x00000000eb60a240) 
thrown [s\src\hotspot\share\prims\jni.cpp, line 516]
Event: 99.373 Thread 0x00000171d9f3e630 Exception <a 'java/io/IOException'{0x00000000ead02d30}> (0x00000000ead02d30) 
thrown [s\src\hotspot\share\prims\jni.cpp, line 516]
Event: 99.373 Thread 0x00000171d9f3e630 Exception <a 'java/io/IOException'{0x00000000ead03110}> (0x00000000ead03110) 
thrown [s\src\hotspot\share\prims\jni.cpp, line 516]
Event: 99.373 Thread 0x00000171d9f3e630 Exception <a 'java/io/IOException'{0x00000000ead034f0}> (0x00000000ead034f0) 
thrown [s\src\hotspot\share\prims\jni.cpp, line 516]
Event: 99.872 Thread 0x00000171d9f3e630 Exception <a 'java/io/IOException'{0x00000000ead047c0}> (0x00000000ead047c0) 
thrown [s\src\hotspot\share\prims\jni.cpp, line 516]
Event: 99.872 Thread 0x00000171d9f3e630 Exception <a 'java/io/IOException'{0x00000000ead04ba0}> (0x00000000ead04ba0) 
thrown [s\src\hotspot\share\prims\jni.cpp, line 516]
Event: 99.872 Thread 0x00000171d9f3e630 Exception <a 'java/io/IOException'{0x00000000eb6d6c28}> (0x00000000eb6d6c28) 
thrown [s\src\hotspot\share\prims\jni.cpp, line 516]

VM Operations (20 events):
Event: 87.882 Executing VM operation: Cleanup
Event: 87.931 Executing VM operation: Cleanup done
Event: 88.211 Executing VM operation: ParallelGCFailedAllocation
Event: 88.213 Executing VM operation: ParallelGCFailedAllocation done
Event: 90.213 Executing VM operation: Cleanup
Event: 90.214 Executing VM operation: Cleanup done
Event: 92.214 Executing VM operation: Cleanup
Event: 92.214 Executing VM operation: Cleanup done
Event: 93.214 Executing VM operation: Cleanup
Event: 93.214 Executing VM operation: Cleanup done
Event: 96.215 Executing VM operation: Cleanup
Event: 96.216 Executing VM operation: Cleanup done
Event: 98.217 Executing VM operation: Cleanup
Event: 98.217 Executing VM operation: Cleanup done
Event: 99.389 Executing VM operation: HandshakeAllThreads
Event: 99.389 Executing VM operation: HandshakeAllThreads done
Event: 99.389 Executing VM operation: Cleanup
Event: 99.389 Executing VM operation: Cleanup done
Event: 100.390 Executing VM operation: Cleanup
Event: 100.391 Executing VM operation: Cleanup done

Events (20 events):
Event: 88.356 loading class java/util/ArrayDeque$DeqSpliterator done
Event: 88.385 Thread 0x00000171d9f3dc90 Thread added: 0x00000171d9f3dc90
Event: 89.315 loading class java/util/concurrent/CompletableFuture$UniApply
Event: 89.316 loading class java/util/concurrent/CompletableFuture$UniCompletion
Event: 89.316 loading class java/util/concurrent/CompletableFuture$UniCompletion done
Event: 89.316 loading class java/util/concurrent/CompletableFuture$UniApply done
Event: 89.316 loading class java/util/concurrent/ForkJoinTask$Aux
Event: 89.317 loading class java/util/concurrent/ForkJoinTask$Aux done
Event: 89.319 loading class java/util/concurrent/ForkJoinPool$DefaultCommonPoolForkJoinWorkerThreadFactory$1
Event: 89.319 loading class java/util/concurrent/ForkJoinPool$DefaultCommonPoolForkJoinWorkerThreadFactory$1 done
Event: 89.320 Thread 0x00000171d9f42990 Thread added: 0x00000171d9f42990
Event: 96.658 Thread 0x00000171d9f41ff0 Thread added: 0x00000171d9f41ff0
Event: 96.728 Thread 0x00000171d9f424c0 Thread added: 0x00000171d9f424c0
Event: 96.981 Thread 0x00000171d9f3efd0 Thread added: 0x00000171d9f3efd0
Event: 97.163 Thread 0x00000171d9f43330 Thread added: 0x00000171d9f43330
Event: 97.163 Thread 0x00000171d9f43800 Thread added: 0x00000171d9f43800
Event: 97.191 Thread 0x00000171d9f43330 Thread exited: 0x00000171d9f43330
Event: 99.036 Thread 0x00000171d9f43800 Thread exited: 0x00000171d9f43800
Event: 99.038 Thread 0x00000171d9f3efd0 Thread exited: 0x00000171d9f3efd0
Event: 99.061 Thread 0x00000171d9f424c0 Thread exited: 0x00000171d9f424c0


Dynamic libraries:
0x00007ff796fa0000 - 0x00007ff796fae000 	c:\Users\jwshi\.antigravity\extensions\redhat.java-1.12.0-win32-x64\jre\17.0.4.1-win32-x86_64\bin\java.exe
0x00007ffc9f540000 - 0x00007ffc9f7a7000 	C:\WINDOWS\SYSTEM32\ntdll.dll
0x00007ffc9e5e0000 - 0x00007ffc9e6a9000 	C:\WINDOWS\System32\KERNEL32.DLL
0x00007ffc9c960000 - 0x00007ffc9cd4f000 	C:\WINDOWS\System32\KERNELBASE.dll
0x00007ffc98720000 - 0x00007ffc987bf000 	C:\WINDOWS\SYSTEM32\apphelp.dll
0x00007ffc9cdf0000 - 0x00007ffc9cf3b000 	C:\WINDOWS\System32\ucrtbase.dll
0x00007ffc58a10000 - 0x00007ffc58a28000 	c:\Users\jwshi\.antigravity\extensions\redhat.java-1.12.0-win32-x64\jre\17.0.4.1-win32-x86_64\bin\jli.dll
0x00007ffc9d660000 - 0x00007ffc9d825000 	C:\WINDOWS\System32\USER32.dll
0x00007ffc9c800000 - 0x00007ffc9c827000 	C:\WINDOWS\System32\win32u.dll
0x00007ffc9d4c0000 - 0x00007ffc9d4eb000 	C:\WINDOWS\System32\GDI32.dll
0x00007ffc5d670000 - 0x00007ffc5d689000 	c:\Users\jwshi\.antigravity\extensions\redhat.java-1.12.0-win32-x64\jre\17.0.4.1-win32-x86_64\bin\VCRUNTIME140.dll
0x00007ffc9c830000 - 0x00007ffc9c95c000 	C:\WINDOWS\System32\gdi32full.dll
0x00007ffc9d230000 - 0x00007ffc9d2d3000 	C:\WINDOWS\System32\msvcp_win.dll
0x00007ffc80560000 - 0x00007ffc807f3000 	C:\WINDOWS\WinSxS\amd64_microsoft.windows.common-controls_6595b64144ccf1df_6.0.26100.7309_none_3e05feeae336a044\COMCTL32.dll
0x00007ffc9e2d0000 - 0x00007ffc9e379000 	C:\WINDOWS\System32\msvcrt.dll
0x00007ffc9d8e0000 - 0x00007ffc9d911000 	C:\WINDOWS\System32\IMM32.DLL
0x00007ffc6a220000 - 0x00007ffc6a22c000 	c:\Users\jwshi\.antigravity\extensions\redhat.java-1.12.0-win32-x64\jre\17.0.4.1-win32-x86_64\bin\vcruntime140_1.dll
0x00007ffbefd20000 - 0x00007ffbefdb1000 	c:\Users\jwshi\.antigravity\extensions\redhat.java-1.12.0-win32-x64\jre\17.0.4.1-win32-x86_64\bin\msvcp140.dll
0x00007ffbeb230000 - 0x00007ffbebe76000 	c:\Users\jwshi\.antigravity\extensions\redhat.java-1.12.0-win32-x64\jre\17.0.4.1-win32-x86_64\bin\server\jvm.dll
0x00007ffc9e500000 - 0x00007ffc9e5b4000 	C:\WINDOWS\System32\ADVAPI32.dll
0x00007ffc9db20000 - 0x00007ffc9dbc6000 	C:\WINDOWS\System32\sechost.dll
0x00007ffc9d920000 - 0x00007ffc9da38000 	C:\WINDOWS\System32\RPCRT4.dll
0x00007ffc9e5d0000 - 0x00007ffc9e5d8000 	C:\WINDOWS\System32\PSAPI.DLL
0x00007ffc7f670000 - 0x00007ffc7f67a000 	C:\WINDOWS\SYSTEM32\WSOCK32.dll
0x00007ffc9eee0000 - 0x00007ffc9ef54000 	C:\WINDOWS\System32\WS2_32.dll
0x00007ffc80800000 - 0x00007ffc80835000 	C:\WINDOWS\SYSTEM32\WINMM.dll
0x00007ffc9b040000 - 0x00007ffc9b04b000 	C:\WINDOWS\SYSTEM32\VERSION.dll
0x00007ffc9b440000 - 0x00007ffc9b45b000 	C:\WINDOWS\SYSTEM32\kernel.appcore.dll
0x00007ffc6a1e0000 - 0x00007ffc6a1ea000 	c:\Users\jwshi\.antigravity\extensions\redhat.java-1.12.0-win32-x64\jre\17.0.4.1-win32-x86_64\bin\jimage.dll
0x00007ffc993d0000 - 0x00007ffc99612000 	C:\WINDOWS\SYSTEM32\DBGHELP.DLL
0x00007ffc9dd90000 - 0x00007ffc9e116000 	C:\WINDOWS\System32\combase.dll
0x00007ffc9da40000 - 0x00007ffc9db16000 	C:\WINDOWS\System32\OLEAUT32.dll
0x00007ffc7ca80000 - 0x00007ffc7cabc000 	C:\WINDOWS\SYSTEM32\dbgcore.DLL
0x00007ffc9c750000 - 0x00007ffc9c7f5000 	C:\WINDOWS\System32\bcryptPrimitives.dll
0x00007ffc94490000 - 0x00007ffc9449e000 	c:\Users\jwshi\.antigravity\extensions\redhat.java-1.12.0-win32-x64\jre\17.0.4.1-win32-x86_64\bin\instrument.dll
0x00007ffc589c0000 - 0x00007ffc589e5000 	c:\Users\jwshi\.antigravity\extensions\redhat.java-1.12.0-win32-x64\jre\17.0.4.1-win32-x86_64\bin\java.dll
0x00007ffc31930000 - 0x00007ffc31948000 	c:\Users\jwshi\.antigravity\extensions\redhat.java-1.12.0-win32-x64\jre\17.0.4.1-win32-x86_64\bin\zip.dll
0x00007ffc9e710000 - 0x00007ffc9ee63000 	C:\WINDOWS\System32\SHELL32.dll
0x00007ffc9d0c0000 - 0x00007ffc9d22a000 	C:\WINDOWS\System32\wintypes.dll
0x00007ffc9a780000 - 0x00007ffc9afde000 	C:\WINDOWS\SYSTEM32\windows.storage.dll
0x00007ffc9f400000 - 0x00007ffc9f4f5000 	C:\WINDOWS\System32\SHCORE.dll
0x00007ffc9ee70000 - 0x00007ffc9eed6000 	C:\WINDOWS\System32\shlwapi.dll
0x00007ffc9c5b0000 - 0x00007ffc9c5d9000 	C:\WINDOWS\SYSTEM32\profapi.dll
0x00007ffc30970000 - 0x00007ffc30989000 	C:\Users\jwshi\.antigravity\extensions\redhat.java-1.12.0-win32-x64\jre\17.0.4.1-win32-x86_64\bin\net.dll
0x00007ffc8e910000 - 0x00007ffc8ea38000 	C:\WINDOWS\SYSTEM32\WINHTTP.dll
0x00007ffc9b9b0000 - 0x00007ffc9ba1b000 	C:\WINDOWS\system32\mswsock.dll
0x00007ffc30910000 - 0x00007ffc30925000 	C:\Users\jwshi\.antigravity\extensions\redhat.java-1.12.0-win32-x64\jre\17.0.4.1-win32-x86_64\bin\nio.dll
0x00007ffc69a60000 - 0x00007ffc69a70000 	c:\Users\jwshi\.antigravity\extensions\redhat.java-1.12.0-win32-x64\jre\17.0.4.1-win32-x86_64\bin\verify.dll
0x00007ffc7cc60000 - 0x00007ffc7cc9e000 	C:\Users\jwshi\AppData\Roaming\Antigravity\User\globalStorage\redhat.java\1.12.0\config_win\org.eclipse.equinox.launcher\org.eclipse.equinox.launcher.win32.win32.x86_64_1.2.600.v20220720-1916\eclipse_11700.dll
0x00007ffc9e130000 - 0x00007ffc9e2c7000 	C:\WINDOWS\System32\ole32.dll
0x00007ffc9bc80000 - 0x00007ffc9bc9b000 	C:\WINDOWS\SYSTEM32\CRYPTSP.dll
0x00007ffc9b3a0000 - 0x00007ffc9b3da000 	C:\WINDOWS\system32\rsaenh.dll
0x00007ffc9ba60000 - 0x00007ffc9ba8b000 	C:\WINDOWS\SYSTEM32\USERENV.dll
0x00007ffc9c580000 - 0x00007ffc9c5aa000 	C:\WINDOWS\SYSTEM32\bcrypt.dll
0x00007ffc9bc70000 - 0x00007ffc9bc7c000 	C:\WINDOWS\SYSTEM32\CRYPTBASE.dll
0x00007ffc9a500000 - 0x00007ffc9a534000 	C:\WINDOWS\SYSTEM32\IPHLPAPI.DLL
0x00007ffc9e120000 - 0x00007ffc9e12a000 	C:\WINDOWS\System32\NSI.dll
0x00007ffc91390000 - 0x00007ffc913ae000 	C:\WINDOWS\SYSTEM32\dhcpcsvc6.DLL
0x00007ffc91360000 - 0x00007ffc91383000 	C:\WINDOWS\SYSTEM32\dhcpcsvc.DLL
0x00007ffc9a540000 - 0x00007ffc9a66c000 	C:\WINDOWS\SYSTEM32\DNSAPI.dll
0x00007ffc7a410000 - 0x00007ffc7a450000 	C:\Users\jwshi\AppData\Local\Temp\jna-101552199\jna6912864515878223539.dll
0x00007ffc8c5c0000 - 0x00007ffc8c5e7000 	C:\Users\jwshi\.gradle\native\e1d6ef7f7dcc3fd88c89a11ec53ec762bb8ba0a96d01ffa2cd45eb1d1d8dd5c5\windows-amd64\native-platform.dll
0x00007ffc69100000 - 0x00007ffc69109000 	C:\Users\jwshi\.antigravity\extensions\redhat.java-1.12.0-win32-x64\jre\17.0.4.1-win32-x86_64\bin\management.dll
0x00007ffc687d0000 - 0x00007ffc687db000 	C:\Users\jwshi\.antigravity\extensions\redhat.java-1.12.0-win32-x64\jre\17.0.4.1-win32-x86_64\bin\management_ext.dll
0x00007ffc676a0000 - 0x00007ffc676ae000 	C:\Users\jwshi\.antigravity\extensions\redhat.java-1.12.0-win32-x64\jre\17.0.4.1-win32-x86_64\bin\sunmscapi.dll
0x00007ffc9cf40000 - 0x00007ffc9d0b7000 	C:\WINDOWS\System32\CRYPT32.dll
0x00007ffc9be90000 - 0x00007ffc9bec0000 	C:\WINDOWS\SYSTEM32\ncrypt.dll
0x00007ffc9be40000 - 0x00007ffc9be7f000 	C:\WINDOWS\SYSTEM32\NTASN1.dll
0x00007ffc7c370000 - 0x00007ffc7c378000 	C:\WINDOWS\system32\wshunix.dll

dbghelp: loaded successfully - version: 4.0.5 - missing functions: none
symbol engine: initialized successfully - sym options: 0x614 - pdb path: .;c:\Users\jwshi\.antigravity\extensions\redhat.java-1.12.0-win32-x64\jre\17.0.4.1-win32-x86_64\bin;C:\WINDOWS\SYSTEM32;C:\WINDOWS\WinSxS\amd64_microsoft.windows.common-controls_6595b64144ccf1df_6.0.26100.7309_none_3e05feeae336a044;c:\Users\jwshi\.antigravity\extensions\redhat.java-1.12.0-win32-x64\jre\17.0.4.1-win32-x86_64\bin\server;C:\Users\jwshi\AppData\Roaming\Antigravity\User\globalStorage\redhat.java\1.12.0\config_win\org.eclipse.equinox.launcher\org.eclipse.equinox.launcher.win32.win32.x86_64_1.2.600.v20220720-1916;C:\Users\jwshi\AppData\Local\Temp\jna-101552199;C:\Users\jwshi\.gradle\native\e1d6ef7f7dcc3fd88c89a11ec53ec762bb8ba0a96d01ffa2cd45eb1d1d8dd5c5\windows-amd64

VM Arguments:
jvm_args: --add-modules=ALL-SYSTEM --add-opens=java.base/java.util=ALL-UNNAMED --add-opens=java.base/java.lang=ALL-UNNAMED --add-opens=java.base/sun.nio.fs=ALL-UNNAMED -Declipse.application=org.eclipse.jdt.ls.core.id1 -Dosgi.bundles.defaultStartLevel=4 -Declipse.product=org.eclipse.jdt.ls.core.product -Djava.import.generatesMetadataFilesAtProjectRoot=false -Dfile.encoding=utf8 -XX:+UseParallelGC -XX:GCTimeRatio=4 -XX:AdaptiveSizePolicyWeight=90 -Dsun.zip.disableMemoryMapping=true -Xmx1G -Xms100m -Xlog:disable -javaagent:c:\Users\jwshi\.antigravity\extensions\redhat.java-1.12.0-win32-x64\lombok\lombok-1.18.24.jar -XX:+HeapDumpOnOutOfMemoryError -XX:HeapDumpPath=c:\Users\jwshi\AppData\Roaming\Antigravity\User\workspaceStorage\4d28dcab0e4714d6e45df13c978648f2\redhat.java 
java_command: c:\Users\jwshi\.antigravity\extensions\redhat.java-1.12.0-win32-x64\server\plugins\org.eclipse.equinox.launcher_1.6.400.v20210924-0641.jar -configuration c:\Users\jwshi\AppData\Roaming\Antigravity\User\globalStorage\redhat.java\1.12.0\config_win -data c:\Users\jwshi\AppData\Roaming\Antigravity\User\workspaceStorage\4d28dcab0e4714d6e45df13c978648f2\redhat.java\jdt_ws
java_class_path (initial): c:\Users\jwshi\.antigravity\extensions\redhat.java-1.12.0-win32-x64\server\plugins\org.eclipse.equinox.launcher_1.6.400.v20210924-0641.jar
Launcher Type: SUN_STANDARD

[Global flags]
    uintx AdaptiveSizePolicyWeight                 = 90                                        {product} {command line}
     intx CICompilerCount                          = 4                                         {product} {ergonomic}
    uintx GCTimeRatio                              = 4                                         {product} {command line}
     bool HeapDumpOnOutOfMemoryError               = true                                   {manageable} {command line}
    ccstr HeapDumpPath                             = c:\Users\jwshi\AppData\Roaming\Antigravity\User\workspaceStorage\4d28dcab0e4714d6e45df13c978648f2\redhat.java         {manageable} {command line}
   size_t InitialHeapSize                          = 104857600                                 {product} {command line}
   size_t MaxHeapSize                              = 1073741824                                {product} {command line}
   size_t MaxNewSize                               = 357564416                                 {product} {ergonomic}
   size_t MinHeapDeltaBytes                        = 524288                                    {product} {ergonomic}
   size_t MinHeapSize                              = 104857600                                 {product} {command line}
   size_t NewSize                                  = 34603008                                  {product} {ergonomic}
    uintx NonNMethodCodeHeapSize                   = 5839372                                {pd product} {ergonomic}
    uintx NonProfiledCodeHeapSize                  = 122909434                              {pd product} {ergonomic}
   size_t OldSize                                  = 70254592                                  {product} {ergonomic}
    uintx ProfiledCodeHeapSize                     = 122909434                              {pd product} {ergonomic}
    uintx ReservedCodeCacheSize                    = 251658240                              {pd product} {ergonomic}
     bool SegmentedCodeCache                       = true                                      {product} {ergonomic}
   size_t SoftMaxHeapSize                          = 1073741824                             {manageable} {ergonomic}
     bool UseCompressedClassPointers               = true                           {product lp64_product} {ergonomic}
     bool UseCompressedOops                        = true                           {product lp64_product} {ergonomic}
     bool UseLargePagesIndividualAllocation        = false                                  {pd product} {ergonomic}
     bool UseParallelGC                            = true                                      {product} {command line}

Logging:
Log output configuration:
 #0: stdout all=off uptime,level,tags
 #1: stderr all=off uptime,level,tags

Environment Variables:
JAVA_HOME=C:\Program Files\Java\jdk-25.0.2
PATH=C:\Program Files\Common Files\Oracle\Java\javapath;C:\windows\system32;C:\windows;C:\windows\System32\Wbem;C:\windows\System32\WindowsPowerShell\v1.0\;C:\windows\System32\OpenSSH\;C:\Program Files (x86)\NVIDIA Corporation\PhysX\Common;C:\Program Files\NVIDIA Corporation\NVIDIA NvDLISR;C:\Program Files (x86)\IVI Foundation\VISA\WinNT\Bin;C:\WINDOWS\system32;C:\WINDOWS;C:\WINDOWS\System32\Wbem;C:\WINDOWS\System32\WindowsPowerShell\v1.0\;C:\WINDOWS\System32\OpenSSH\;C:\Program Files\Java\jdk-25.0.2\bin;C:\Program Files\Bandizip\;C:\Program Files\Git\cmd;C:\Program Files\nodejs\;C:\Program Files\Docker\Docker\resources\bin;C:\Users\jwshi\anaconda3;C:\Users\jwshi\anaconda3\Library\mingw-w64\bin;C:\Users\jwshi\anaconda3\Library\usr\bin;C:\Users\jwshi\anaconda3\Library\bin;C:\Users\jwshi\anaconda3\Scripts;C:\Users\jwshi\AppData\Local\Programs\Python\Python310\Scripts\;C:\Users\jwshi\AppData\Local\Programs\Python\Python310\;C:\Users\jwshi\AppData\Local\Microsoft\WindowsApps;C:\Users\jwshi\Downloads\gradle-9.3.1-bin\gradle-9.3.1\bin;C:\Users\jwshi\AppData\Local\Programs\Antigravity\bin;C:\Users\jwshi\AppData\Local\Programs\Microsoft VS Code\bin;C:\Users\jwshi\AppData\Roaming\npm
USERNAME=jwshi
TMPDIR=C:\Users\Public\Documents\ESTsoft\CreatorTemp
OS=Windows_NT
PROCESSOR_IDENTIFIER=Intel64 Family 6 Model 142 Stepping 12, GenuineIntel
TMP=C:\Users\jwshi\AppData\Local\Temp
TEMP=C:\Users\jwshi\AppData\Local\Temp



---------------  S Y S T E M  ---------------

OS:
 Windows 11 , 64 bit Build 26100 (10.0.26100.7623)
OS uptime: 1 days 0:11 hours
Hyper-V role detected

CPU: total 8 (initial active 8) (4 cores per cpu, 2 threads per core) family 6 model 142 stepping 12 microcode 0xde, cx8, cmov, fxsr, ht, mmx, 3dnowpref, sse, sse2, sse3, ssse3, sse4.1, sse4.2, popcnt, lzcnt, tsc, tscinvbit, avx, avx2, aes, erms, clmul, bmi1, bmi2, adx, fma, vzeroupper, clflush, clflushopt, hv

Memory: 4k page, system-wide physical 8001M (315M free)
TotalPageFile size 32577M (AvailPageFile size 67M)
current process WorkingSet (physical memory assigned to process): 183M, peak: 207M
current process commit charge ("private bytes"): 293M, peak: 301M

vm_info: OpenJDK 64-Bit Server VM (17.0.4.1+1) for windows-amd64 JRE (17.0.4.1+1), built on Aug 17 2022 07:42:43 by "temurin" with MS VC++ 16.7 (VS2019)

END.
